<?xml version="1.0" encoding="UTF-8"?>
<!-- Generated by org.testng.reporters.JUnitXMLReporter -->
<testsuite ignored="0" hostname="Kamaljit-Kaur" failures="0" tests="9" name="Surefire test" time="2.899" errors="0" timestamp="2024-12-02T20:10:18 EST">
  <testcase classname="com.example.api.ApiTest" name="testAllPostsEndpoint" time="1.879"/>
  <testcase classname="com.example.api.ApiTest" name="testContentType" time="0.114"/>
  <testcase classname="com.example.api.ApiTest" name="testDeleteRequest" time="0.153"/>
  <testcase classname="com.example.api.ApiTest" name="testInvalidEndpoint" time="0.12"/>
  <testcase classname="com.example.api.ApiTest" name="testPostNewData" time="0.178"/>
  <testcase classname="com.example.api.ApiTest" name="testPutRequest" time="0.157"/>
  <testcase classname="com.example.api.ApiTest" name="testResponseBodyContainsKey" time="0.084"/>
  <testcase classname="com.example.api.ApiTest" name="testResponseTime" time="0.098"/>
  <testcase classname="com.example.api.ApiTest" name="testStatusCode" time="0.083"/>
</testsuite> <!-- Surefire test -->
