<?xml version="1.0" encoding="UTF-8"?>
<!-- Generated by org.testng.reporters.JUnitXMLReporter -->
<testsuite ignored="0" hostname="Kamaljit-Kaur" failures="0" tests="9" name="Default test" time="3.016" errors="0" timestamp="2024-12-02T18:44:56 EST">
  <testcase classname="com.example.api.ApiTest" name="testAllPostsEndpoint" time="1.804"/>
  <testcase classname="com.example.api.ApiTest" name="testContentType" time="0.11"/>
  <testcase classname="com.example.api.ApiTest" name="testDeleteRequest" time="0.15"/>
  <testcase classname="com.example.api.ApiTest" name="testInvalidEndpoint" time="0.137"/>
  <testcase classname="com.example.api.ApiTest" name="testPostNewData" time="0.208"/>
  <testcase classname="com.example.api.ApiTest" name="testPutRequest" time="0.185"/>
  <testcase classname="com.example.api.ApiTest" name="testResponseBodyContainsKey" time="0.166"/>
  <testcase classname="com.example.api.ApiTest" name="testResponseTime" time="0.117"/>
  <testcase classname="com.example.api.ApiTest" name="testStatusCode" time="0.1"/>
</testsuite> <!-- Default test -->
