<?xml version="1.0" encoding="UTF-8"?>
<testsuite xmlns:xsi="http://www.w3.org/2001/XMLSchema-instance" xsi:noNamespaceSchemaLocation="https://maven.apache.org/surefire/maven-surefire-plugin/xsd/surefire-test-report-3.0.xsd" version="3.0" name="com.example.api.ApiTest" time="3.186" tests="9" errors="0" skipped="0" failures="0">
  <properties>
[...]
</properties>
  <testcase name="testAllPostsEndpoint" classname="com.example.api.ApiTest" time="1.879"/>
  <testcase name="testContentType" classname="com.example.api.ApiTest" time="0.113"/>
  <testcase name="testDeleteRequest" classname="com.example.api.ApiTest" time="0.154"/>
  <testcase name="testInvalidEndpoint" classname="com.example.api.ApiTest" time="0.119"/>
  <testcase name="testPostNewData" classname="com.example.api.ApiTest" time="0.177"/>
  <testcase name="testPutRequest" classname="com.example.api.ApiTest" time="0.158"/>
  <testcase name="testResponseBodyContainsKey" classname="com.example.api.ApiTest" time="0.084"/>
  <testcase name="testResponseTime" classname="com.example.api.ApiTest" time="0.097"/>
  <testcase name="testStatusCode" classname="com.example.api.ApiTest" time="0.084"/>
</testsuite>