<?xml version="1.0" encoding="UTF-8"?>
<testng-results ignored="0" total="9" passed="9" failed="0" skipped="0">
  <reporter-output>
  </reporter-output>
  <suite started-at="2024-12-02T18:44:53 EST" name="Default suite" finished-at="2024-12-02T18:44:56 EST" duration-ms="3016">
    <groups>
    </groups>
    <test started-at="2024-12-02T18:44:53 EST" name="Default test" finished-at="2024-12-02T18:44:56 EST" duration-ms="3016">
      <class name="com.example.api.ApiTest">
        <test-method signature="testAllPostsEndpoint()[pri:0, instance:com.example.api.ApiTest@5a63f509]" started-at="2024-12-02T18:44:53 EST" name="testAllPostsEndpoint" finished-at="2024-12-02T18:44:55 EST" duration-ms="1804" status="PASS">
          <reporter-output>
          </reporter-output>
        </test-method> <!-- testAllPostsEndpoint -->
        <test-method signature="testContentType()[pri:0, instance:com.example.api.ApiTest@5a63f509]" started-at="2024-12-02T18:44:55 EST" name="testContentType" finished-at="2024-12-02T18:44:55 EST" duration-ms="110" status="PASS">
          <reporter-output>
          </reporter-output>
        </test-method> <!-- testContentType -->
        <test-method signature="testDeleteRequest()[pri:0, instance:com.example.api.ApiTest@5a63f509]" started-at="2024-12-02T18:44:55 EST" name="testDeleteRequest" finished-at="2024-12-02T18:44:55 EST" duration-ms="150" status="PASS">
          <reporter-output>
          </reporter-output>
        </test-method> <!-- testDeleteRequest -->
        <test-method signature="testInvalidEndpoint()[pri:0, instance:com.example.api.ApiTest@5a63f509]" started-at="2024-12-02T18:44:55 EST" name="testInvalidEndpoint" finished-at="2024-12-02T18:44:55 EST" duration-ms="137" status="PASS">
          <reporter-output>
          </reporter-output>
        </test-method> <!-- testInvalidEndpoint -->
        <test-method signature="testPostNewData()[pri:0, instance:com.example.api.ApiTest@5a63f509]" started-at="2024-12-02T18:44:55 EST" name="testPostNewData" finished-at="2024-12-02T18:44:55 EST" duration-ms="208" status="PASS">
          <reporter-output>
          </reporter-output>
        </test-method> <!-- testPostNewData -->
        <test-method signature="testPutRequest()[pri:0, instance:com.example.api.ApiTest@5a63f509]" started-at="2024-12-02T18:44:55 EST" name="testPutRequest" finished-at="2024-12-02T18:44:56 EST" duration-ms="185" status="PASS">
          <reporter-output>
          </reporter-output>
        </test-method> <!-- testPutRequest -->
        <test-method signature="testResponseBodyContainsKey()[pri:0, instance:com.example.api.ApiTest@5a63f509]" started-at="2024-12-02T18:44:56 EST" name="testResponseBodyContainsKey" finished-at="2024-12-02T18:44:56 EST" duration-ms="166" status="PASS">
          <reporter-output>
          </reporter-output>
        </test-method> <!-- testResponseBodyContainsKey -->
        <test-method signature="testResponseTime()[pri:0, instance:com.example.api.ApiTest@5a63f509]" started-at="2024-12-02T18:44:56 EST" name="testResponseTime" finished-at="2024-12-02T18:44:56 EST" duration-ms="117" status="PASS">
          <reporter-output>
          </reporter-output>
        </test-method> <!-- testResponseTime -->
        <test-method signature="testStatusCode()[pri:0, instance:com.example.api.ApiTest@5a63f509]" started-at="2024-12-02T18:44:56 EST" name="testStatusCode" finished-at="2024-12-02T18:44:56 EST" duration-ms="100" status="PASS">
          <reporter-output>
          </reporter-output>
        </test-method> <!-- testStatusCode -->
      </class> <!-- com.example.api.ApiTest -->
    </test> <!-- Default test -->
  </suite> <!-- Default suite -->
</testng-results>
